Build started 1/11/2016 1:13:55 AM.
     1>Project "C:\Users\chris\Repositories\Boids\Boids\Boids.vcxproj" on node 2 (Build target(s)).
     1>ClCompile:
         C:\Program Files (x86)\Microsoft Visual Studio 12.0\VC\bin\x86_amd64\CL.exe /c /I"C:\Users\chris\libs\SFML-2.3.2\include" /Zi /nologo /W3 /WX- /sdl /Od /D _MBCS /Gm /EHsc /RTC1 /MDd /GS /fp:precise /Zc:wchar_t /Zc:forScope /Fo"x64\Debug\\" /Fd"x64\Debug\vc120.pdb" /Gd /TP /errorReport:prompt Boid.cpp Flock.cpp Game.cpp main.cpp Pvector.cpp
         Pvector.cpp
     1>Pvector.cpp(87): warning C4244: 'argument' : conversion from 'double' to 'float', possible loss of data
     1>Pvector.cpp(131): warning C4305: 'return' : truncation from 'double' to 'float'
     1>Pvector.cpp(136): warning C4244: 'initializing' : conversion from 'double' to 'float', possible loss of data
         main.cpp
         Game.cpp
     1>Game.cpp(24): warning C4244: 'argument' : conversion from 'int' to 'float', possible loss of data
     1>Game.cpp(29): warning C4244: 'argument' : conversion from 'int' to 'float', possible loss of data
     1>Game.cpp(68): warning C4244: 'argument' : conversion from 'int' to 'float', possible loss of data
     1>Game.cpp(72): warning C4244: 'argument' : conversion from 'int' to 'float', possible loss of data
         Flock.cpp
     1>Flock.cpp(10): warning C4267: 'return' : conversion from 'size_t' to 'int', possible loss of data
         Boid.cpp
     1>Boid.cpp(25): warning C4244: 'argument' : conversion from 'int' to 'float', possible loss of data
     1>Boid.cpp(37): warning C4244: 'argument' : conversion from 'int' to 'float', possible loss of data
     1>Boid.cpp(42): warning C4244: 'argument' : conversion from 'int' to 'float', possible loss of data
     1>Boid.cpp(158): warning C4244: 'argument' : conversion from 'int' to 'float', possible loss of data
     1>Boid.cpp(187): warning C4305: 'argument' : truncation from 'double' to 'float'
         Generating Code...
       Link:
         C:\Program Files (x86)\Microsoft Visual Studio 12.0\VC\bin\x86_amd64\link.exe /ERRORREPORT:PROMPT /OUT:"C:\Users\chris\Repositories\Boids\x64\Debug\Boids.exe" /INCREMENTAL /NOLOGO /LIBPATH:"C:\Users\chris\libs\SFML-2.3.2\lib" "sfml-graphics-d.lib" "sfml-window-d.lib" "sfml-system-d.lib" kernel32.lib user32.lib gdi32.lib winspool.lib comdlg32.lib advapi32.lib shell32.lib ole32.lib oleaut32.lib uuid.lib odbc32.lib odbccp32.lib /MANIFEST /MANIFESTUAC:"level='asInvoker' uiAccess='false'" /manifest:embed /DEBUG /PDB:"C:\Users\chris\Repositories\Boids\x64\Debug\Boids.pdb" /TLBID:1 /DYNAMICBASE /NXCOMPAT /IMPLIB:"C:\Users\chris\Repositories\Boids\x64\Debug\Boids.lib" /MACHINE:X64 x64\Debug\Boid.obj
         x64\Debug\Flock.obj
         x64\Debug\Game.obj
         x64\Debug\main.obj
         x64\Debug\Pvector.obj
         Boids.vcxproj -> C:\Users\chris\Repositories\Boids\x64\Debug\Boids.exe
     1>Done Building Project "C:\Users\chris\Repositories\Boids\Boids\Boids.vcxproj" (Build target(s)).

Build succeeded.

Time Elapsed 00:00:02.10
