Build started 1/11/2016 12:53:19 AM.
     1>Project "C:\Users\chris\Repositories\Boids\Boids\Boids.vcxproj" on node 2 (Build target(s)).
     1>ClCompile:
         C:\Program Files (x86)\Microsoft Visual Studio 12.0\VC\bin\CL.exe /c /I"C:\Users\Chris\SFML-2.2\include" /ZI /nologo /W3 /WX- /sdl /Od /Oy- /D _MBCS /Gm /EHsc /RTC1 /MDd /GS /fp:precise /Zc:wchar_t /Zc:forScope /Fo"Debug\\" /Fd"Debug\vc120.pdb" /Gd /TP /analyze- /errorReport:prompt Boid.cpp Flock.cpp main.cpp Pvector.cpp
         Pvector.cpp
     1>c:\users\chris\repositories\boids\boids\pvector.cpp(88): warning C4244: 'argument' : conversion from 'double' to 'float', possible loss of data
     1>c:\users\chris\repositories\boids\boids\pvector.cpp(135): warning C4305: 'return' : truncation from 'double' to 'float'
     1>c:\users\chris\repositories\boids\boids\pvector.cpp(140): warning C4244: 'initializing' : conversion from 'double' to 'float', possible loss of data
         main.cpp
     1>c:\users\chris\repositories\boids\boids\boid.h(40): warning C4244: 'argument' : conversion from 'int' to 'float', possible loss of data
     1>c:\users\chris\repositories\boids\boids\boid.h(51): warning C4244: 'argument' : conversion from 'int' to 'float', possible loss of data
     1>c:\users\chris\repositories\boids\boids\boid.h(56): warning C4244: 'argument' : conversion from 'int' to 'float', possible loss of data
     1>c:\users\chris\repositories\boids\boids\main.cpp(6): fatal error C1083: Cannot open include file: 'SFML/Window.hpp': No such file or directory
         Flock.cpp
     1>c:\users\chris\repositories\boids\boids\boid.h(40): warning C4244: 'argument' : conversion from 'int' to 'float', possible loss of data
     1>c:\users\chris\repositories\boids\boids\boid.h(51): warning C4244: 'argument' : conversion from 'int' to 'float', possible loss of data
     1>c:\users\chris\repositories\boids\boids\boid.h(56): warning C4244: 'argument' : conversion from 'int' to 'float', possible loss of data
     1>c:\users\chris\repositories\boids\boids\flock.cpp(32): warning C4018: '<' : signed/unsigned mismatch
         Boid.cpp
     1>c:\users\chris\repositories\boids\boids\boid.cpp(7): fatal error C1083: Cannot open include file: 'SFML/Graphics.hpp': No such file or directory
         Generating Code...
     1>Done Building Project "C:\Users\chris\Repositories\Boids\Boids\Boids.vcxproj" (Build target(s)) -- FAILED.

Build FAILED.

Time Elapsed 00:00:00.93
